2020-05-20 18:40:24,901 INFO o.a.j.u.JMeterUtils: Setting Locale to en_EN
2020-05-20 18:40:24,916 INFO o.a.j.JMeter: Loading user properties from: /usr/local/Cellar/jmeter/5.0/libexec/bin/user.properties
2020-05-20 18:40:24,917 INFO o.a.j.JMeter: Loading system properties from: /usr/local/Cellar/jmeter/5.0/libexec/bin/system.properties
2020-05-20 18:40:24,917 INFO o.a.j.JMeter: Setting System property: Env=MH
2020-05-20 18:40:24,921 INFO o.a.j.JMeter: Copyright (c) 1998-2018 The Apache Software Foundation
2020-05-20 18:40:24,921 INFO o.a.j.JMeter: Version 5.0 r1840935
2020-05-20 18:40:24,921 INFO o.a.j.JMeter: java.version=1.8.0_181
2020-05-20 18:40:24,921 INFO o.a.j.JMeter: java.vm.name=Java HotSpot(TM) 64-Bit Server VM
2020-05-20 18:40:24,921 INFO o.a.j.JMeter: os.name=Mac OS X
2020-05-20 18:40:24,922 INFO o.a.j.JMeter: os.arch=x86_64
2020-05-20 18:40:24,922 INFO o.a.j.JMeter: os.version=10.15.4
2020-05-20 18:40:24,922 INFO o.a.j.JMeter: file.encoding=UTF-8
2020-05-20 18:40:24,922 INFO o.a.j.JMeter: Max memory     =1073741824
2020-05-20 18:40:24,922 INFO o.a.j.JMeter: Available Processors =12
2020-05-20 18:40:24,925 INFO o.a.j.JMeter: Default Locale=English (EN)
2020-05-20 18:40:24,925 INFO o.a.j.JMeter: JMeter  Locale=English (EN)
2020-05-20 18:40:24,925 INFO o.a.j.JMeter: JMeterHome=/usr/local/Cellar/jmeter/5.0/libexec
2020-05-20 18:40:24,925 INFO o.a.j.JMeter: user.dir  =/Users/jahidul/IdeaProjects/B2001/JMeterScript
2020-05-20 18:40:24,925 INFO o.a.j.JMeter: PWD       =/Users/jahidul/IdeaProjects/B2001/JMeterScript
2020-05-20 18:40:24,928 INFO o.a.j.JMeter: IP: 192.168.1.153 Name: Mds-MBP-2 FullName: mds-mbp-2
2020-05-20 18:40:24,931 INFO o.a.j.s.FileServer: Default base='/Users/jahidul/IdeaProjects/B2001/JMeterScript'
2020-05-20 18:40:24,935 INFO o.a.j.s.FileServer: Set new base='/Users/jahidul/IdeaProjects/B2001/JMeterScript'
2020-05-20 18:40:25,037 INFO o.a.j.s.SaveService: Testplan (JMX) version: 2.2. Testlog (JTL) version: 2.2
2020-05-20 18:40:25,052 INFO o.a.j.s.SaveService: Using SaveService properties file encoding UTF-8
2020-05-20 18:40:25,056 INFO o.a.j.s.SaveService: Using SaveService properties version 5.0
2020-05-20 18:40:25,060 INFO o.a.j.s.SaveService: Loading file: Starwars.jmx
2020-05-20 18:40:25,098 INFO o.a.j.p.h.c.CookieManager: Settings: Delete null: true Check: true Allow variable: true Save: false Prefix: COOKIE_
2020-05-20 18:40:25,110 INFO o.a.j.p.h.s.HTTPSamplerBase: Parser for text/html is org.apache.jmeter.protocol.http.parser.LagartoBasedHtmlParser
2020-05-20 18:40:25,110 INFO o.a.j.p.h.s.HTTPSamplerBase: Parser for application/xhtml+xml is org.apache.jmeter.protocol.http.parser.LagartoBasedHtmlParser
2020-05-20 18:40:25,110 INFO o.a.j.p.h.s.HTTPSamplerBase: Parser for application/xml is org.apache.jmeter.protocol.http.parser.LagartoBasedHtmlParser
2020-05-20 18:40:25,110 INFO o.a.j.p.h.s.HTTPSamplerBase: Parser for text/xml is org.apache.jmeter.protocol.http.parser.LagartoBasedHtmlParser
2020-05-20 18:40:25,110 INFO o.a.j.p.h.s.HTTPSamplerBase: Parser for text/vnd.wap.wml is org.apache.jmeter.protocol.http.parser.RegexpHTMLParser
2020-05-20 18:40:25,110 INFO o.a.j.p.h.s.HTTPSamplerBase: Parser for text/css is org.apache.jmeter.protocol.http.parser.CssParser
2020-05-20 18:40:25,136 INFO o.a.j.JMeter: Creating summariser <summary>
2020-05-20 18:40:25,140 INFO o.a.j.e.StandardJMeterEngine: Running the test!
2020-05-20 18:40:25,140 INFO o.a.j.s.SampleEvent: List of sample_variables: []
2020-05-20 18:40:25,141 INFO o.a.j.s.SampleEvent: List of sample_variables: []
2020-05-20 18:40:25,146 INFO o.a.j.e.u.CompoundVariable: Note: Function class names must contain the string: '.functions.'
2020-05-20 18:40:25,146 INFO o.a.j.e.u.CompoundVariable: Note: Function class names must not contain the string: '.gui.'
2020-05-20 18:40:25,435 INFO o.a.j.JMeter: Running test (1590014425435)
2020-05-20 18:40:25,468 INFO o.a.j.e.StandardJMeterEngine: Starting ThreadGroup: 1 : Scenario 1
2020-05-20 18:40:25,468 INFO o.a.j.e.StandardJMeterEngine: Starting 5 threads for group Scenario 1.
2020-05-20 18:40:25,469 INFO o.a.j.e.StandardJMeterEngine: Thread will continue on error
2020-05-20 18:40:25,469 INFO o.a.j.t.ThreadGroup: Starting thread group... number=1 threads=5 ramp-up=1 perThread=200.0 delayedStart=false
2020-05-20 18:40:25,475 INFO o.a.j.t.ThreadGroup: Started thread group number 1
2020-05-20 18:40:25,475 INFO o.a.j.e.StandardJMeterEngine: All thread groups have been started
2020-05-20 18:40:25,756 INFO o.a.j.t.JMeterThread: Thread started: Scenario 1 1-1
2020-05-20 18:40:25,758 INFO o.a.j.s.FileServer: Stored: MHData.csv
2020-05-20 18:40:25,758 ERROR o.a.j.t.JMeterThread: Test failed!
java.lang.IllegalArgumentException: Could not read file header line for file MHData.csv
	at org.apache.jmeter.services.FileServer.reserveFile(FileServer.java:283) ~[ApacheJMeter_core.jar:5.0 r1840935]
	at org.apache.jmeter.config.CSVDataSet.iterationStart(CSVDataSet.java:191) ~[ApacheJMeter_components.jar:5.0 r1840935]
	at org.apache.jmeter.control.GenericController.fireIterationStart(GenericController.java:399) ~[ApacheJMeter_core.jar:5.0 r1840935]
	at org.apache.jmeter.control.GenericController.fireIterEvents(GenericController.java:391) ~[ApacheJMeter_core.jar:5.0 r1840935]
	at org.apache.jmeter.control.GenericController.next(GenericController.java:160) ~[ApacheJMeter_core.jar:5.0 r1840935]
	at org.apache.jmeter.control.LoopController.next(LoopController.java:134) ~[ApacheJMeter_core.jar:5.0 r1840935]
	at org.apache.jmeter.threads.AbstractThreadGroup.next(AbstractThreadGroup.java:87) ~[ApacheJMeter_core.jar:5.0 r1840935]
	at org.apache.jmeter.threads.JMeterThread.run(JMeterThread.java:251) [ApacheJMeter_core.jar:5.0 r1840935]
	at java.lang.Thread.run(Thread.java:748) [?:1.8.0_181]
Caused by: java.lang.IllegalArgumentException: File MHData.csv must exist and be readable
	at org.apache.jmeter.services.FileServer.createBufferedReader(FileServer.java:424) ~[ApacheJMeter_core.jar:5.0 r1840935]
	at org.apache.jmeter.services.FileServer.readLine(FileServer.java:340) ~[ApacheJMeter_core.jar:5.0 r1840935]
	at org.apache.jmeter.services.FileServer.readLine(FileServer.java:324) ~[ApacheJMeter_core.jar:5.0 r1840935]
	at org.apache.jmeter.services.FileServer.reserveFile(FileServer.java:272) ~[ApacheJMeter_core.jar:5.0 r1840935]
	... 8 more
2020-05-20 18:40:25,761 INFO o.a.j.t.JMeterThread: Thread finished: Scenario 1 1-1
2020-05-20 18:40:25,961 INFO o.a.j.t.JMeterThread: Thread started: Scenario 1 1-2
2020-05-20 18:40:25,962 ERROR o.a.j.t.JMeterThread: Test failed!
java.lang.IllegalArgumentException: Could not read file header line for file MHData.csv
	at org.apache.jmeter.services.FileServer.reserveFile(FileServer.java:283) ~[ApacheJMeter_core.jar:5.0 r1840935]
	at org.apache.jmeter.config.CSVDataSet.iterationStart(CSVDataSet.java:191) ~[ApacheJMeter_components.jar:5.0 r1840935]
	at org.apache.jmeter.control.GenericController.fireIterationStart(GenericController.java:399) ~[ApacheJMeter_core.jar:5.0 r1840935]
	at org.apache.jmeter.control.GenericController.fireIterEvents(GenericController.java:391) ~[ApacheJMeter_core.jar:5.0 r1840935]
	at org.apache.jmeter.control.GenericController.next(GenericController.java:160) ~[ApacheJMeter_core.jar:5.0 r1840935]
	at org.apache.jmeter.control.LoopController.next(LoopController.java:134) ~[ApacheJMeter_core.jar:5.0 r1840935]
	at org.apache.jmeter.threads.AbstractThreadGroup.next(AbstractThreadGroup.java:87) ~[ApacheJMeter_core.jar:5.0 r1840935]
	at org.apache.jmeter.threads.JMeterThread.run(JMeterThread.java:251) [ApacheJMeter_core.jar:5.0 r1840935]
	at java.lang.Thread.run(Thread.java:748) [?:1.8.0_181]
Caused by: java.lang.IllegalArgumentException: File MHData.csv must exist and be readable
	at org.apache.jmeter.services.FileServer.createBufferedReader(FileServer.java:424) ~[ApacheJMeter_core.jar:5.0 r1840935]
	at org.apache.jmeter.services.FileServer.readLine(FileServer.java:340) ~[ApacheJMeter_core.jar:5.0 r1840935]
	at org.apache.jmeter.services.FileServer.readLine(FileServer.java:324) ~[ApacheJMeter_core.jar:5.0 r1840935]
	at org.apache.jmeter.services.FileServer.reserveFile(FileServer.java:272) ~[ApacheJMeter_core.jar:5.0 r1840935]
	... 8 more
2020-05-20 18:40:25,962 INFO o.a.j.t.JMeterThread: Thread finished: Scenario 1 1-2
2020-05-20 18:40:26,160 INFO o.a.j.t.JMeterThread: Thread started: Scenario 1 1-3
2020-05-20 18:40:26,161 ERROR o.a.j.t.JMeterThread: Test failed!
java.lang.IllegalArgumentException: Could not read file header line for file MHData.csv
	at org.apache.jmeter.services.FileServer.reserveFile(FileServer.java:283) ~[ApacheJMeter_core.jar:5.0 r1840935]
	at org.apache.jmeter.config.CSVDataSet.iterationStart(CSVDataSet.java:191) ~[ApacheJMeter_components.jar:5.0 r1840935]
	at org.apache.jmeter.control.GenericController.fireIterationStart(GenericController.java:399) ~[ApacheJMeter_core.jar:5.0 r1840935]
	at org.apache.jmeter.control.GenericController.fireIterEvents(GenericController.java:391) ~[ApacheJMeter_core.jar:5.0 r1840935]
	at org.apache.jmeter.control.GenericController.next(GenericController.java:160) ~[ApacheJMeter_core.jar:5.0 r1840935]
	at org.apache.jmeter.control.LoopController.next(LoopController.java:134) ~[ApacheJMeter_core.jar:5.0 r1840935]
	at org.apache.jmeter.threads.AbstractThreadGroup.next(AbstractThreadGroup.java:87) ~[ApacheJMeter_core.jar:5.0 r1840935]
	at org.apache.jmeter.threads.JMeterThread.run(JMeterThread.java:251) [ApacheJMeter_core.jar:5.0 r1840935]
	at java.lang.Thread.run(Thread.java:748) [?:1.8.0_181]
Caused by: java.lang.IllegalArgumentException: File MHData.csv must exist and be readable
	at org.apache.jmeter.services.FileServer.createBufferedReader(FileServer.java:424) ~[ApacheJMeter_core.jar:5.0 r1840935]
	at org.apache.jmeter.services.FileServer.readLine(FileServer.java:340) ~[ApacheJMeter_core.jar:5.0 r1840935]
	at org.apache.jmeter.services.FileServer.readLine(FileServer.java:324) ~[ApacheJMeter_core.jar:5.0 r1840935]
	at org.apache.jmeter.services.FileServer.reserveFile(FileServer.java:272) ~[ApacheJMeter_core.jar:5.0 r1840935]
	... 8 more
2020-05-20 18:40:26,161 INFO o.a.j.t.JMeterThread: Thread finished: Scenario 1 1-3
2020-05-20 18:40:26,359 INFO o.a.j.t.JMeterThread: Thread started: Scenario 1 1-4
2020-05-20 18:40:26,360 ERROR o.a.j.t.JMeterThread: Test failed!
java.lang.IllegalArgumentException: Could not read file header line for file MHData.csv
	at org.apache.jmeter.services.FileServer.reserveFile(FileServer.java:283) ~[ApacheJMeter_core.jar:5.0 r1840935]
	at org.apache.jmeter.config.CSVDataSet.iterationStart(CSVDataSet.java:191) ~[ApacheJMeter_components.jar:5.0 r1840935]
	at org.apache.jmeter.control.GenericController.fireIterationStart(GenericController.java:399) ~[ApacheJMeter_core.jar:5.0 r1840935]
	at org.apache.jmeter.control.GenericController.fireIterEvents(GenericController.java:391) ~[ApacheJMeter_core.jar:5.0 r1840935]
	at org.apache.jmeter.control.GenericController.next(GenericController.java:160) ~[ApacheJMeter_core.jar:5.0 r1840935]
	at org.apache.jmeter.control.LoopController.next(LoopController.java:134) ~[ApacheJMeter_core.jar:5.0 r1840935]
	at org.apache.jmeter.threads.AbstractThreadGroup.next(AbstractThreadGroup.java:87) ~[ApacheJMeter_core.jar:5.0 r1840935]
	at org.apache.jmeter.threads.JMeterThread.run(JMeterThread.java:251) [ApacheJMeter_core.jar:5.0 r1840935]
	at java.lang.Thread.run(Thread.java:748) [?:1.8.0_181]
Caused by: java.lang.IllegalArgumentException: File MHData.csv must exist and be readable
	at org.apache.jmeter.services.FileServer.createBufferedReader(FileServer.java:424) ~[ApacheJMeter_core.jar:5.0 r1840935]
	at org.apache.jmeter.services.FileServer.readLine(FileServer.java:340) ~[ApacheJMeter_core.jar:5.0 r1840935]
	at org.apache.jmeter.services.FileServer.readLine(FileServer.java:324) ~[ApacheJMeter_core.jar:5.0 r1840935]
	at org.apache.jmeter.services.FileServer.reserveFile(FileServer.java:272) ~[ApacheJMeter_core.jar:5.0 r1840935]
	... 8 more
2020-05-20 18:40:26,360 INFO o.a.j.t.JMeterThread: Thread finished: Scenario 1 1-4
2020-05-20 18:40:26,561 INFO o.a.j.t.JMeterThread: Thread started: Scenario 1 1-5
2020-05-20 18:40:26,562 ERROR o.a.j.t.JMeterThread: Test failed!
java.lang.IllegalArgumentException: Could not read file header line for file MHData.csv
	at org.apache.jmeter.services.FileServer.reserveFile(FileServer.java:283) ~[ApacheJMeter_core.jar:5.0 r1840935]
	at org.apache.jmeter.config.CSVDataSet.iterationStart(CSVDataSet.java:191) ~[ApacheJMeter_components.jar:5.0 r1840935]
	at org.apache.jmeter.control.GenericController.fireIterationStart(GenericController.java:399) ~[ApacheJMeter_core.jar:5.0 r1840935]
	at org.apache.jmeter.control.GenericController.fireIterEvents(GenericController.java:391) ~[ApacheJMeter_core.jar:5.0 r1840935]
	at org.apache.jmeter.control.GenericController.next(GenericController.java:160) ~[ApacheJMeter_core.jar:5.0 r1840935]
	at org.apache.jmeter.control.LoopController.next(LoopController.java:134) ~[ApacheJMeter_core.jar:5.0 r1840935]
	at org.apache.jmeter.threads.AbstractThreadGroup.next(AbstractThreadGroup.java:87) ~[ApacheJMeter_core.jar:5.0 r1840935]
	at org.apache.jmeter.threads.JMeterThread.run(JMeterThread.java:251) [ApacheJMeter_core.jar:5.0 r1840935]
	at java.lang.Thread.run(Thread.java:748) [?:1.8.0_181]
Caused by: java.lang.IllegalArgumentException: File MHData.csv must exist and be readable
	at org.apache.jmeter.services.FileServer.createBufferedReader(FileServer.java:424) ~[ApacheJMeter_core.jar:5.0 r1840935]
	at org.apache.jmeter.services.FileServer.readLine(FileServer.java:340) ~[ApacheJMeter_core.jar:5.0 r1840935]
	at org.apache.jmeter.services.FileServer.readLine(FileServer.java:324) ~[ApacheJMeter_core.jar:5.0 r1840935]
	at org.apache.jmeter.services.FileServer.reserveFile(FileServer.java:272) ~[ApacheJMeter_core.jar:5.0 r1840935]
	... 8 more
2020-05-20 18:40:26,562 INFO o.a.j.t.JMeterThread: Thread finished: Scenario 1 1-5
2020-05-20 18:40:26,562 INFO o.a.j.e.StandardJMeterEngine: Notifying test listeners of end of test
2020-05-20 18:40:26,563 INFO o.a.j.r.Summariser: summary =      0 in 00:00:00 = ******/s Avg:     0 Min: 9223372036854775807 Max: -9223372036854775808 Err:     0 (0.00%)
